21:30:39.434 [INFO] [org.gradle.launcher.daemon.server.Daemon] start() called on daemon - DefaultDaemonContext[uid=b02b27b8-7a5e-4e55-9803-09d436a61bfa,javaHome=C:\Program Files\Java\jdk1.8.0_45,daemonRegistryDir=C:\Users\Alexander J Schmidt\.gradle\daemon,pid=12180,idleTimeout=120000,daemonOpts=-Xms128m,-Xmx512m,-Dfile.encoding=windows-1252,-Duser.country=US,-Duser.language=en,-Duser.variant]
21:30:39.450 [DEBUG] [org.gradle.launcher.daemon.server.DaemonStateCoordinator] updating lastActivityAt to 1448245839450
21:30:39.520 [DEBUG] [org.gradle.messaging.remote.internal.inet.InetAddressFactory] Adding IP addresses for network interface Software Loopback Interface 1
21:30:39.522 [DEBUG] [org.gradle.messaging.remote.internal.inet.InetAddressFactory] Is this a loopback interface? true
21:30:39.523 [DEBUG] [org.gradle.messaging.remote.internal.inet.InetAddressFactory] Is this a multicast interface? true
21:30:39.525 [DEBUG] [org.gradle.messaging.remote.internal.inet.InetAddressFactory] Adding loopback address /127.0.0.1
21:30:39.525 [DEBUG] [org.gradle.messaging.remote.internal.inet.InetAddressFactory] Adding loopback address /0:0:0:0:0:0:0:1
21:30:39.526 [DEBUG] [org.gradle.messaging.remote.internal.inet.InetAddressFactory] Adding loopback multicast interface Software Loopback Interface 1
21:30:39.527 [DEBUG] [org.gradle.messaging.remote.internal.inet.InetAddressFactory] Adding IP addresses for network interface Microsoft Teredo Tunneling Adapter
21:30:39.528 [DEBUG] [org.gradle.messaging.remote.internal.inet.InetAddressFactory] Is this a loopback interface? false
21:30:39.530 [DEBUG] [org.gradle.messaging.remote.internal.inet.InetAddressFactory] Is this a multicast interface? false
21:30:39.530 [DEBUG] [org.gradle.messaging.remote.internal.inet.InetAddressFactory] Adding remote address /2001:0:5ef5:79fd:3c12:1c74:b40c:b7c8
21:30:39.531 [DEBUG] [org.gradle.messaging.remote.internal.inet.InetAddressFactory] Adding remote address /fe80:0:0:0:3c12:1c74:b40c:b7c8%net0
21:30:39.531 [DEBUG] [org.gradle.messaging.remote.internal.inet.InetAddressFactory] Adding IP addresses for network interface Microsoft Wi-Fi Direct Virtual Adapter
21:30:39.533 [DEBUG] [org.gradle.messaging.remote.internal.inet.InetAddressFactory] Is this a loopback interface? false
21:30:39.534 [DEBUG] [org.gradle.messaging.remote.internal.inet.InetAddressFactory] Is this a multicast interface? true
21:30:39.535 [DEBUG] [org.gradle.messaging.remote.internal.inet.InetAddressFactory] Adding remote address /fe80:0:0:0:95e3:cac5:214f:3228%wlan0
21:30:39.535 [DEBUG] [org.gradle.messaging.remote.internal.inet.InetAddressFactory] Adding remote multicast interface Microsoft Wi-Fi Direct Virtual Adapter
21:30:39.536 [DEBUG] [org.gradle.messaging.remote.internal.inet.InetAddressFactory] Adding IP addresses for network interface Microsoft ISATAP Adapter
21:30:39.538 [DEBUG] [org.gradle.messaging.remote.internal.inet.InetAddressFactory] Is this a loopback interface? false
21:30:39.539 [DEBUG] [org.gradle.messaging.remote.internal.inet.InetAddressFactory] Is this a multicast interface? false
21:30:39.542 [DEBUG] [org.gradle.messaging.remote.internal.inet.InetAddressFactory] Adding remote address /fe80:0:0:0:0:5efe:c0a8:105%net1
21:30:39.542 [DEBUG] [org.gradle.messaging.remote.internal.inet.InetAddressFactory] Adding IP addresses for network interface Intel(R) Dual Band Wireless-AC 7265
21:30:39.546 [DEBUG] [org.gradle.messaging.remote.internal.inet.InetAddressFactory] Is this a loopback interface? false
21:30:39.549 [DEBUG] [org.gradle.messaging.remote.internal.inet.InetAddressFactory] Is this a multicast interface? true
21:30:39.549 [DEBUG] [org.gradle.messaging.remote.internal.inet.InetAddressFactory] Adding remote address /192.168.1.5
21:30:39.550 [DEBUG] [org.gradle.messaging.remote.internal.inet.InetAddressFactory] Adding remote address /fe80:0:0:0:c0f2:4033:3555:915c%wlan1
21:30:39.551 [DEBUG] [org.gradle.messaging.remote.internal.inet.InetAddressFactory] Adding remote multicast interface Intel(R) Dual Band Wireless-AC 7265
21:30:39.551 [DEBUG] [org.gradle.messaging.remote.internal.inet.InetAddressFactory] Adding IP addresses for network interface Microsoft Kernel Debug Network Adapter
21:30:39.553 [DEBUG] [org.gradle.messaging.remote.internal.inet.InetAddressFactory] Is this a loopback interface? false
21:30:39.555 [DEBUG] [org.gradle.messaging.remote.internal.inet.InetAddressFactory] Is this a multicast interface? true
21:30:39.556 [DEBUG] [org.gradle.messaging.remote.internal.inet.InetAddressFactory] Adding loopback multicast interface Microsoft Kernel Debug Network Adapter
21:30:39.556 [DEBUG] [org.gradle.messaging.remote.internal.inet.InetAddressFactory] Adding IP addresses for network interface Intel(R) Ethernet Connection (3) I218-LM
21:30:39.559 [DEBUG] [org.gradle.messaging.remote.internal.inet.InetAddressFactory] Is this a loopback interface? false
21:30:39.560 [DEBUG] [org.gradle.messaging.remote.internal.inet.InetAddressFactory] Is this a multicast interface? true
21:30:39.561 [DEBUG] [org.gradle.messaging.remote.internal.inet.InetAddressFactory] Adding remote address /fe80:0:0:0:7411:d23c:5884:cfe2%eth1
21:30:39.561 [DEBUG] [org.gradle.messaging.remote.internal.inet.InetAddressFactory] Adding remote multicast interface Intel(R) Ethernet Connection (3) I218-LM
21:30:39.561 [DEBUG] [org.gradle.messaging.remote.internal.inet.InetAddressFactory] Adding IP addresses for network interface Bluetooth Device (RFCOMM Protocol TDI)
21:30:39.563 [DEBUG] [org.gradle.messaging.remote.internal.inet.InetAddressFactory] Is this a loopback interface? false
21:30:39.564 [DEBUG] [org.gradle.messaging.remote.internal.inet.InetAddressFactory] Is this a multicast interface? true
21:30:39.565 [DEBUG] [org.gradle.messaging.remote.internal.inet.InetAddressFactory] Adding loopback multicast interface Bluetooth Device (RFCOMM Protocol TDI)
21:30:39.565 [DEBUG] [org.gradle.messaging.remote.internal.inet.InetAddressFactory] Adding IP addresses for network interface Bluetooth Device (Personal Area Network)
21:30:39.567 [DEBUG] [org.gradle.messaging.remote.internal.inet.InetAddressFactory] Is this a loopback interface? false
21:30:39.568 [DEBUG] [org.gradle.messaging.remote.internal.inet.InetAddressFactory] Is this a multicast interface? true
21:30:39.569 [DEBUG] [org.gradle.messaging.remote.internal.inet.InetAddressFactory] Adding remote address /fe80:0:0:0:a549:1cd4:5420:2f00%eth2
21:30:39.569 [DEBUG] [org.gradle.messaging.remote.internal.inet.InetAddressFactory] Adding remote multicast interface Bluetooth Device (Personal Area Network)
21:30:39.569 [DEBUG] [org.gradle.messaging.remote.internal.inet.InetAddressFactory] Adding IP addresses for network interface Intel(R) Ethernet Connection (3) I218-LM-WFP Native MAC Layer LightWeight Filter-0000
21:30:39.571 [DEBUG] [org.gradle.messaging.remote.internal.inet.InetAddressFactory] Is this a loopback interface? false
21:30:39.572 [DEBUG] [org.gradle.messaging.remote.internal.inet.InetAddressFactory] Is this a multicast interface? true
21:30:39.573 [DEBUG] [org.gradle.messaging.remote.internal.inet.InetAddressFactory] Adding loopback multicast interface Intel(R) Ethernet Connection (3) I218-LM-WFP Native MAC Layer LightWeight Filter-0000
21:30:39.574 [DEBUG] [org.gradle.messaging.remote.internal.inet.InetAddressFactory] Adding IP addresses for network interface Intel(R) Ethernet Connection (3) I218-LM-QoS Packet Scheduler-0000
21:30:39.577 [DEBUG] [org.gradle.messaging.remote.internal.inet.InetAddressFactory] Is this a loopback interface? false
21:30:39.578 [DEBUG] [org.gradle.messaging.remote.internal.inet.InetAddressFactory] Is this a multicast interface? true
21:30:39.578 [DEBUG] [org.gradle.messaging.remote.internal.inet.InetAddressFactory] Adding loopback multicast interface Intel(R) Ethernet Connection (3) I218-LM-QoS Packet Scheduler-0000
21:30:39.579 [DEBUG] [org.gradle.messaging.remote.internal.inet.InetAddressFactory] Adding IP addresses for network interface Intel(R) Ethernet Connection (3) I218-LM-WFP 802.3 MAC Layer LightWeight Filter-0000
21:30:39.580 [DEBUG] [org.gradle.messaging.remote.internal.inet.InetAddressFactory] Is this a loopback interface? false
21:30:39.581 [DEBUG] [org.gradle.messaging.remote.internal.inet.InetAddressFactory] Is this a multicast interface? true
21:30:39.582 [DEBUG] [org.gradle.messaging.remote.internal.inet.InetAddressFactory] Adding loopback multicast interface Intel(R) Ethernet Connection (3) I218-LM-WFP 802.3 MAC Layer LightWeight Filter-0000
21:30:39.582 [DEBUG] [org.gradle.messaging.remote.internal.inet.InetAddressFactory] Adding IP addresses for network interface Intel(R) Dual Band Wireless-AC 7265-WFP Native MAC Layer LightWeight Filter-0000
21:30:39.583 [DEBUG] [org.gradle.messaging.remote.internal.inet.InetAddressFactory] Is this a loopback interface? false
21:30:39.584 [DEBUG] [org.gradle.messaging.remote.internal.inet.InetAddressFactory] Is this a multicast interface? true
21:30:39.585 [DEBUG] [org.gradle.messaging.remote.internal.inet.InetAddressFactory] Adding loopback multicast interface Intel(R) Dual Band Wireless-AC 7265-WFP Native MAC Layer LightWeight Filter-0000
21:30:39.585 [DEBUG] [org.gradle.messaging.remote.internal.inet.InetAddressFactory] Adding IP addresses for network interface Intel(R) Dual Band Wireless-AC 7265-Virtual WiFi Filter Driver-0000
21:30:39.587 [DEBUG] [org.gradle.messaging.remote.internal.inet.InetAddressFactory] Is this a loopback interface? false
21:30:39.589 [DEBUG] [org.gradle.messaging.remote.internal.inet.InetAddressFactory] Is this a multicast interface? true
21:30:39.590 [DEBUG] [org.gradle.messaging.remote.internal.inet.InetAddressFactory] Adding loopback multicast interface Intel(R) Dual Band Wireless-AC 7265-Virtual WiFi Filter Driver-0000
21:30:39.590 [DEBUG] [org.gradle.messaging.remote.internal.inet.InetAddressFactory] Adding IP addresses for network interface Intel(R) Dual Band Wireless-AC 7265-Native WiFi Filter Driver-0000
21:30:39.593 [DEBUG] [org.gradle.messaging.remote.internal.inet.InetAddressFactory] Is this a loopback interface? false
21:30:39.594 [DEBUG] [org.gradle.messaging.remote.internal.inet.InetAddressFactory] Is this a multicast interface? true
21:30:39.595 [DEBUG] [org.gradle.messaging.remote.internal.inet.InetAddressFactory] Adding loopback multicast interface Intel(R) Dual Band Wireless-AC 7265-Native WiFi Filter Driver-0000
21:30:39.595 [DEBUG] [org.gradle.messaging.remote.internal.inet.InetAddressFactory] Adding IP addresses for network interface Intel(R) Dual Band Wireless-AC 7265-QoS Packet Scheduler-0000
21:30:39.597 [DEBUG] [org.gradle.messaging.remote.internal.inet.InetAddressFactory] Is this a loopback interface? false
21:30:39.599 [DEBUG] [org.gradle.messaging.remote.internal.inet.InetAddressFactory] Is this a multicast interface? true
21:30:39.599 [DEBUG] [org.gradle.messaging.remote.internal.inet.InetAddressFactory] Adding loopback multicast interface Intel(R) Dual Band Wireless-AC 7265-QoS Packet Scheduler-0000
21:30:39.599 [DEBUG] [org.gradle.messaging.remote.internal.inet.InetAddressFactory] Adding IP addresses for network interface Intel(R) Dual Band Wireless-AC 7265-WFP 802.3 MAC Layer LightWeight Filter-0000
21:30:39.600 [DEBUG] [org.gradle.messaging.remote.internal.inet.InetAddressFactory] Is this a loopback interface? false
21:30:39.602 [DEBUG] [org.gradle.messaging.remote.internal.inet.InetAddressFactory] Is this a multicast interface? true
21:30:39.602 [DEBUG] [org.gradle.messaging.remote.internal.inet.InetAddressFactory] Adding loopback multicast interface Intel(R) Dual Band Wireless-AC 7265-WFP 802.3 MAC Layer LightWeight Filter-0000
21:30:39.602 [DEBUG] [org.gradle.messaging.remote.internal.inet.InetAddressFactory] Adding IP addresses for network interface Microsoft Wi-Fi Direct Virtual Adapter-WFP Native MAC Layer LightWeight Filter-0000
21:30:39.603 [DEBUG] [org.gradle.messaging.remote.internal.inet.InetAddressFactory] Is this a loopback interface? false
21:30:39.605 [DEBUG] [org.gradle.messaging.remote.internal.inet.InetAddressFactory] Is this a multicast interface? true
21:30:39.606 [DEBUG] [org.gradle.messaging.remote.internal.inet.InetAddressFactory] Adding loopback multicast interface Microsoft Wi-Fi Direct Virtual Adapter-WFP Native MAC Layer LightWeight Filter-0000
21:30:39.607 [DEBUG] [org.gradle.messaging.remote.internal.inet.InetAddressFactory] Adding IP addresses for network interface Microsoft Wi-Fi Direct Virtual Adapter-Native WiFi Filter Driver-0000
21:30:39.609 [DEBUG] [org.gradle.messaging.remote.internal.inet.InetAddressFactory] Is this a loopback interface? false
21:30:39.611 [DEBUG] [org.gradle.messaging.remote.internal.inet.InetAddressFactory] Is this a multicast interface? true
21:30:39.611 [DEBUG] [org.gradle.messaging.remote.internal.inet.InetAddressFactory] Adding loopback multicast interface Microsoft Wi-Fi Direct Virtual Adapter-Native WiFi Filter Driver-0000
21:30:39.612 [DEBUG] [org.gradle.messaging.remote.internal.inet.InetAddressFactory] Adding IP addresses for network interface Microsoft Wi-Fi Direct Virtual Adapter-QoS Packet Scheduler-0000
21:30:39.613 [DEBUG] [org.gradle.messaging.remote.internal.inet.InetAddressFactory] Is this a loopback interface? false
21:30:39.615 [DEBUG] [org.gradle.messaging.remote.internal.inet.InetAddressFactory] Is this a multicast interface? true
21:30:39.615 [DEBUG] [org.gradle.messaging.remote.internal.inet.InetAddressFactory] Adding loopback multicast interface Microsoft Wi-Fi Direct Virtual Adapter-QoS Packet Scheduler-0000
21:30:39.615 [DEBUG] [org.gradle.messaging.remote.internal.inet.InetAddressFactory] Adding IP addresses for network interface Microsoft Wi-Fi Direct Virtual Adapter-WFP 802.3 MAC Layer LightWeight Filter-0000
21:30:39.616 [DEBUG] [org.gradle.messaging.remote.internal.inet.InetAddressFactory] Is this a loopback interface? false
21:30:39.618 [DEBUG] [org.gradle.messaging.remote.internal.inet.InetAddressFactory] Is this a multicast interface? true
21:30:39.618 [DEBUG] [org.gradle.messaging.remote.internal.inet.InetAddressFactory] Adding loopback multicast interface Microsoft Wi-Fi Direct Virtual Adapter-WFP 802.3 MAC Layer LightWeight Filter-0000
21:30:39.717 [DEBUG] [org.gradle.messaging.remote.internal.inet.TcpIncomingConnector] Listening on [0ddb973a-c209-4e04-a76a-f975d8184ec1 port:59720, addresses:[/127.0.0.1, /0:0:0:0:0:0:0:1]].
21:30:39.728 [DEBUG] [org.gradle.launcher.daemon.server.Daemon] Daemon starting at: Sun Nov 22 21:30:39 GMT-05:00 2015, with address: [0ddb973a-c209-4e04-a76a-f975d8184ec1 port:59720, addresses:[/127.0.0.1, /0:0:0:0:0:0:0:1]]
21:30:39.729 [INFO] [org.gradle.launcher.daemon.server.DomainRegistryUpdater] Advertising the daemon address to the clients: [0ddb973a-c209-4e04-a76a-f975d8184ec1 port:59720, addresses:[/127.0.0.1, /0:0:0:0:0:0:0:1]]
21:30:39.729 [DEBUG] [org.gradle.launcher.daemon.server.DomainRegistryUpdater] Advertised daemon context: DefaultDaemonContext[uid=b02b27b8-7a5e-4e55-9803-09d436a61bfa,javaHome=C:\Program Files\Java\jdk1.8.0_45,daemonRegistryDir=C:\Users\Alexander J Schmidt\.gradle\daemon,pid=12180,idleTimeout=120000,daemonOpts=-Xms128m,-Xmx512m,-Dfile.encoding=windows-1252,-Duser.country=US,-Duser.language=en,-Duser.variant]
21:30:39.730 [DEBUG] [org.gradle.launcher.daemon.registry.PersistentDaemonRegistry] Storing daemon address: [0ddb973a-c209-4e04-a76a-f975d8184ec1 port:59720, addresses:[/127.0.0.1, /0:0:0:0:0:0:0:1]], context: DefaultDaemonContext[uid=b02b27b8-7a5e-4e55-9803-09d436a61bfa,javaHome=C:\Program Files\Java\jdk1.8.0_45,daemonRegistryDir=C:\Users\Alexander J Schmidt\.gradle\daemon,pid=12180,idleTimeout=120000,daemonOpts=-Xms128m,-Xmx512m,-Dfile.encoding=windows-1252,-Duser.country=US,-Duser.language=en,-Duser.variant]
21:30:39.760 [DEBUG] [org.gradle.cache.internal.DefaultFileLockManager] Waiting to acquire exclusive lock on daemon addresses registry.
21:30:39.763 [DEBUG] [org.gradle.cache.internal.DefaultFileLockManager] Lock acquired.
21:30:39.816 [DEBUG] [org.gradle.cache.internal.DefaultFileLockManager] Releasing lock on daemon addresses registry.
21:30:39.817 [LIFECYCLE] [org.gradle.launcher.daemon.server.Daemon] Daemon server started.
21:30:39.820 [DEBUG] [org.gradle.launcher.daemon.bootstrap.DaemonStartupCommunication] Completed writing the daemon greeting. Closing streams...
21:30:39.822 [DEBUG] [org.gradle.launcher.daemon.server.Daemon] requestStopOnIdleTimeout(120000 MILLISECONDS) called on daemon
21:30:39.823 [DEBUG] [org.gradle.launcher.daemon.server.DaemonStateCoordinator] Idle timeout: waiting for daemon to stop or be idle for 120000ms
21:30:39.824 [DEBUG] [org.gradle.launcher.daemon.server.DaemonStateCoordinator] Daemon is idle, sleeping until state change or idle timeout at Sun Nov 22 21:32:39 GMT-05:00 2015
21:30:41.583 [DEBUG] [org.gradle.messaging.remote.internal.inet.TcpIncomingConnector] Accepted connection from /127.0.0.1:59721 to /127.0.0.1:59720.
21:30:42.886 [DEBUG] [org.gradle.launcher.daemon.server.SynchronizedDispatchConnection] thread 15: received class org.gradle.launcher.daemon.protocol.BuildAndStop
21:30:42.887 [DEBUG] [org.gradle.launcher.daemon.server.DefaultDaemonConnection] Received non-IO message from client: BuildAndStop{id=53e84229-6795-43f1-9531-d51f95f7cb81.1, currentDir=C:\Users\Alexander J Schmidt\workspace\game}
21:30:42.888 [INFO] [org.gradle.launcher.daemon.server.DefaultIncomingConnectionHandler] Received command: BuildAndStop{id=53e84229-6795-43f1-9531-d51f95f7cb81.1, currentDir=C:\Users\Alexander J Schmidt\workspace\game}.
21:30:42.890 [DEBUG] [org.gradle.launcher.daemon.server.DefaultIncomingConnectionHandler] Starting executing command: BuildAndStop{id=53e84229-6795-43f1-9531-d51f95f7cb81.1, currentDir=C:\Users\Alexander J Schmidt\workspace\game} with connection: socket connection from /127.0.0.1:59720 to /127.0.0.1:59721.
21:30:42.930 [DEBUG] [org.gradle.launcher.daemon.server.DaemonStateCoordinator] Command execution: started DaemonCommandExecution[command = BuildAndStop{id=53e84229-6795-43f1-9531-d51f95f7cb81.1, currentDir=C:\Users\Alexander J Schmidt\workspace\game}, connection = org.gradle.launcher.daemon.server.DefaultDaemonConnection@4b51a22e] after 0.0 minutes of idle
21:30:42.933 [INFO] [org.gradle.launcher.daemon.server.DomainRegistryUpdater] Marking the daemon as busy, address: [0ddb973a-c209-4e04-a76a-f975d8184ec1 port:59720, addresses:[/127.0.0.1, /0:0:0:0:0:0:0:1]]
21:30:42.936 [DEBUG] [org.gradle.launcher.daemon.registry.PersistentDaemonRegistry] Marking busy by address: [0ddb973a-c209-4e04-a76a-f975d8184ec1 port:59720, addresses:[/127.0.0.1, /0:0:0:0:0:0:0:1]]
21:30:42.951 [DEBUG] [org.gradle.cache.internal.DefaultFileLockManager] Waiting to acquire exclusive lock on daemon addresses registry.
21:30:42.954 [DEBUG] [org.gradle.cache.internal.DefaultFileLockManager] Lock acquired.
21:30:42.967 [DEBUG] [org.gradle.cache.internal.DefaultFileLockManager] Releasing lock on daemon addresses registry.
21:30:42.974 [DEBUG] [org.gradle.launcher.daemon.server.DaemonStateCoordinator] updating lastActivityAt to 1448245842974
21:30:42.977 [DEBUG] [org.gradle.launcher.daemon.server.DaemonStateCoordinator] Daemon is busy, sleeping until state changes.
21:30:42.983 [INFO] [org.gradle.launcher.daemon.server.exec.StartBuildOrRespondWithBusy] Daemon is about to start building BuildAndStop{id=53e84229-6795-43f1-9531-d51f95f7cb81.1, currentDir=C:\Users\Alexander J Schmidt\workspace\game}. Dispatching build started information...
21:30:42.985 [DEBUG] [org.gradle.launcher.daemon.server.SynchronizedDispatchConnection] thread 17: dispatching class org.gradle.launcher.daemon.protocol.BuildStarted
21:30:43.018 [DEBUG] [org.gradle.launcher.daemon.server.exec.EstablishBuildEnvironment] Configuring env variables: {USERDOMAIN_ROAMINGPROFILE=ALEXANDER, PROCESSOR_LEVEL=6, FP_NO_HOST_CHECK=NO, VS140COMNTOOLS=C:\Program Files (x86)\Microsoft Visual Studio 14.0\Common7\Tools\, SESSIONNAME=Console, ALLUSERSPROFILE=C:\ProgramData, PROCESSOR_ARCHITECTURE=AMD64, PSModulePath=C:\WINDOWS\system32\WindowsPowerShell\v1.0\Modules\, SystemDrive=C:, =ExitCode=00000000, DIRNAME=C:\Users\Alexander J Schmidt\workspace\game\, USERNAME=Alexander J Schmidt, CMD_LINE_ARGS=clean --no-daemon eclipse afterEclipseImport, ProgramFiles(x86)=C:\Program Files (x86), FPS_BROWSER_USER_PROFILE_STRING=Default, APP_HOME=C:\Users\Alexander J Schmidt\workspace\game\, PATHEXT=.COM;.EXE;.BAT;.CMD;.VBS;.VBE;.JS;.JSE;.WSF;.WSH;.MSC, ProgramData=C:\ProgramData, ProgramW6432=C:\Program Files, HOMEPATH=\Users\Alexander J Schmidt, PROCESSOR_IDENTIFIER=Intel64 Family 6 Model 61 Stepping 4, GenuineIntel, ProgramFiles=C:\Program Files, PUBLIC=C:\Users\Public, EMC_AUTOPLAY=C:\Program Files (x86)\Common Files\Roxio Shared\OEM\, windir=C:\WINDOWS, =::=::\, _SKIP=2, LOCALAPPDATA=C:\Users\Alexander J Schmidt\AppData\Local, USERDOMAIN=ALEXANDER, FPS_BROWSER_APP_PROFILE_STRING=Internet Explorer, LOGONSERVER=\\MicrosoftAccount, PROMPT=$P$G, =C:=C:\Users\Alexander J Schmidt\workspace\game, APPDATA=C:\Users\Alexander J Schmidt\AppData\Roaming, JAVA_EXE=java.exe, CommonProgramFiles=C:\Program Files\Common Files, Path=C:\Program Files\Java\jdk1.8.0_45\bin;C:\ProgramData\Oracle\Java\javapath;C:\Program Files (x86)\Intel\iCLS Client\;C:\Program Files\Intel\iCLS Client\;C:\WINDOWS\system32;C:\WINDOWS;C:\WINDOWS\System32\Wbem;C:\WINDOWS\System32\WindowsPowerShell\v1.0\;C:\Program Files\Intel\Intel(R) Management Engine Components\DAL;C:\Program Files (x86)\Intel\Intel(R) Management Engine Components\DAL;C:\Program Files\Intel\Intel(R) Management Engine Components\IPT;C:\Program Files (x86)\Intel\Intel(R) Management Engine Components\IPT;C:\Program Files (x86)\Common Files\Roxio Shared\DLLShared\;C:\Program Files (x86)\Common Files\Roxio Shared\OEM\12.0\DLLShared\;C:\Program Files (x86)\Roxio 2010\OEM\AudioCore\;C:\Program Files\Intel\WiFi\bin\;C:\Program Files\Common Files\Intel\WirelessCommon\;C:\Program Files (x86)\Skype\Phone\;C:\Program Files\MATLAB\R2015a\bin, OS=Windows_NT, COMPUTERNAME=ALEXANDER, PROCESSOR_REVISION=3d04, CLASSPATH=C:\Users\Alexander J Schmidt\workspace\game\\gradle\wrapper\gradle-wrapper.jar, CommonProgramW6432=C:\Program Files\Common Files, ComSpec=C:\WINDOWS\system32\cmd.exe, APP_BASE_NAME=gradlew, SystemRoot=C:\WINDOWS, TEMP=C:\Users\ALEXAN~1\AppData\Local\Temp, HOMEDRIVE=C:, USERPROFILE=C:\Users\Alexander J Schmidt, TMP=C:\Users\ALEXAN~1\AppData\Local\Temp, RCAUTOPLAY=C:\Program Files (x86)\Roxio 2010\OEM\Roxio Central 5\, CommonProgramFiles(x86)=C:\Program Files (x86)\Common Files, NUMBER_OF_PROCESSORS=4}
21:30:43.078 [DEBUG] [org.gradle.launcher.daemon.server.exec.LogToClient] About to start relaying all logs to the client via the connection.
21:30:43.079 [INFO] [org.gradle.launcher.daemon.server.exec.LogToClient] The client will now receive all logging from the daemon (pid: 12180). The daemon log file: C:\Users\Alexander J Schmidt\.gradle\daemon\2.4\daemon-12180.out.log
21:30:43.086 [DEBUG] [org.gradle.launcher.daemon.server.exec.RequestStopIfSingleUsedDaemon] Requesting daemon stop after processing BuildAndStop{id=53e84229-6795-43f1-9531-d51f95f7cb81.1, currentDir=C:\Users\Alexander J Schmidt\workspace\game}
21:30:43.087 [DEBUG] [org.gradle.launcher.daemon.server.DaemonStateCoordinator] Stop as soon as idle requested. The daemon is busy: true
21:30:43.093 [DEBUG] [org.gradle.launcher.daemon.server.DaemonStateCoordinator] Idle timeout: daemon stop has been requested. Sleeping until state changes.
21:30:43.100 [DEBUG] [org.gradle.launcher.daemon.server.exec.ExecuteBuild] The daemon has started executing the build.
21:30:43.102 [INFO] [org.gradle.launcher.daemon.server.exec.ExecuteBuild] Executing build with daemon context: DefaultDaemonContext[uid=b02b27b8-7a5e-4e55-9803-09d436a61bfa,javaHome=C:\Program Files\Java\jdk1.8.0_45,daemonRegistryDir=C:\Users\Alexander J Schmidt\.gradle\daemon,pid=12180,idleTimeout=120000,daemonOpts=-Xms128m,-Xmx512m,-Dfile.encoding=windows-1252,-Duser.country=US,-Duser.language=en,-Duser.variant]
21:30:44.423 [DEBUG] [org.gradle.internal.nativeintegration.services.NativeServices] Native-platform posix files is not available.  Continuing with fallback.
Configuration on demand is an incubating feature.
:core:clean UP-TO-DATE
:desktop:clean UP-TO-DATE
:html:clean UP-TO-DATE
:eclipseProject
:eclipse
:core:eclipseClasspath
Download https://repo1.maven.org/maven2/com/badlogicgames/ashley/ashley/1.6.0/ashley-1.6.0.pom
Download https://repo1.maven.org/maven2/com/badlogicgames/ashley/ashley/1.6.0/ashley-1.6.0.jar
Download https://repo1.maven.org/maven2/com/badlogicgames/ashley/ashley/1.6.0/ashley-1.6.0-sources.jar
:core:eclipseJdt
:core:eclipseProject
:core:eclipse
:desktop:eclipseClasspath
Download https://repo1.maven.org/maven2/com/badlogicgames/gdx/gdx-tools/1.6.5/gdx-tools-1.6.5.pom
Download https://repo1.maven.org/maven2/com/badlogicgames/gdx/gdx-backend-headless/1.6.5/gdx-backend-headless-1.6.5.pom
Download https://repo1.maven.org/maven2/com/badlogicgames/gdx/gdx-tools/1.6.5/gdx-tools-1.6.5.jar
Download https://repo1.maven.org/maven2/com/badlogicgames/gdx/gdx-backend-headless/1.6.5/gdx-backend-headless-1.6.5.jar
Download https://repo1.maven.org/maven2/com/badlogicgames/gdx/gdx-tools/1.6.5/gdx-tools-1.6.5-sources.jar
Download https://repo1.maven.org/maven2/com/badlogicgames/gdx/gdx-backend-headless/1.6.5/gdx-backend-headless-1.6.5-sources.jar
:desktop:eclipseJdt
:desktop:eclipseProject
:desktop:eclipse
:html:eclipseClasspath
:html:eclipseJdt
:html:eclipseProject
:html:generateGdt
:core:compileJavawarning: [options] bootstrap class path not set in conjunction with -source 1.6
1 warning

:core:processResources UP-TO-DATE
:core:classes
:core:jar
:html:compileJavawarning: [options] bootstrap class path not set in conjunction with -source 1.6
1 warning

:html:processResources UP-TO-DATE
:html:classes
:html:warTemplate
:html:eclipse
:desktop:afterEclipseImport

BUILD SUCCESSFUL

Total time: 59.367 secs
21:31:32.596 [DEBUG] [org.gradle.api.internal.tasks.compile.daemon.CompilerDaemonManager] Stopping 0 compiler daemon(s).
21:31:32.596 [INFO] [org.gradle.api.internal.tasks.compile.daemon.CompilerDaemonManager] Stopped 0 compiler daemon(s).
21:31:32.600 [DEBUG] [org.gradle.cache.internal.btree.BTreePersistentIndexedCache] Closing cache artifact-at-url.bin (C:\Users\Alexander J Schmidt\.gradle\caches\modules-2\metadata-2.15\artifact-at-url.bin)
21:31:32.605 [DEBUG] [org.gradle.cache.internal.btree.BTreePersistentIndexedCache] Closing cache module-artifacts.bin (C:\Users\Alexander J Schmidt\.gradle\caches\modules-2\metadata-2.15\module-artifacts.bin)
21:31:32.609 [DEBUG] [org.gradle.cache.internal.btree.BTreePersistentIndexedCache] Closing cache module-metadata.bin (C:\Users\Alexander J Schmidt\.gradle\caches\modules-2\metadata-2.15\module-metadata.bin)
21:31:32.610 [DEBUG] [org.gradle.cache.internal.btree.BTreePersistentIndexedCache] Closing cache artifact-at-repository.bin (C:\Users\Alexander J Schmidt\.gradle\caches\modules-2\metadata-2.15\artifact-at-repository.bin)
21:31:32.611 [DEBUG] [org.gradle.cache.internal.DefaultFileLockManager] Releasing lock on artifact cache (C:\Users\Alexander J Schmidt\.gradle\caches\modules-2).
21:31:32.613 [DEBUG] [org.gradle.cache.internal.DefaultCacheAccess] Cache Plugin Resolution Cache (C:\Users\Alexander J Schmidt\.gradle\caches\2.4\plugin-resolution) was closed 0 times.
21:31:32.615 [DEBUG] [org.gradle.cache.internal.DefaultFileLockManager] Releasing lock on buildscript class cache for settings file 'C:\Users\Alexander J Schmidt\workspace\game\settings.gradle' (C:\Users\Alexander J Schmidt\.gradle\caches\2.4\scripts\settings_btccqi20op5b02n2ownmgdyue\SettingsScript\buildscript).
21:31:32.616 [DEBUG] [org.gradle.cache.internal.DefaultFileLockManager] Releasing lock on no_buildscript class cache for settings file 'C:\Users\Alexander J Schmidt\workspace\game\settings.gradle' (C:\Users\Alexander J Schmidt\.gradle\caches\2.4\scripts\settings_btccqi20op5b02n2ownmgdyue\SettingsScript\no_buildscript).
21:31:32.618 [DEBUG] [org.gradle.cache.internal.DefaultFileLockManager] Releasing lock on buildscript class cache for build file 'C:\Users\Alexander J Schmidt\workspace\game\build.gradle' (C:\Users\Alexander J Schmidt\.gradle\caches\2.4\scripts\build_1tgilsfpoo3zz6i0trohn7f0t\ProjectScript\buildscript).
21:31:32.619 [DEBUG] [org.gradle.cache.internal.DefaultFileLockManager] Releasing lock on no_buildscript class cache for build file 'C:\Users\Alexander J Schmidt\workspace\game\build.gradle' (C:\Users\Alexander J Schmidt\.gradle\caches\2.4\scripts\build_1tgilsfpoo3zz6i0trohn7f0t\ProjectScript\no_buildscript).
21:31:32.619 [DEBUG] [org.gradle.cache.internal.DefaultFileLockManager] Releasing lock on buildscript class cache for build file 'C:\Users\Alexander J Schmidt\workspace\game\core\build.gradle' (C:\Users\Alexander J Schmidt\.gradle\caches\2.4\scripts\build_37odtjwpnpavw3dks5j8e1gos\ProjectScript\buildscript).
21:31:32.620 [DEBUG] [org.gradle.cache.internal.DefaultFileLockManager] Releasing lock on no_buildscript class cache for build file 'C:\Users\Alexander J Schmidt\workspace\game\core\build.gradle' (C:\Users\Alexander J Schmidt\.gradle\caches\2.4\scripts\build_37odtjwpnpavw3dks5j8e1gos\ProjectScript\no_buildscript).
21:31:32.621 [DEBUG] [org.gradle.cache.internal.DefaultFileLockManager] Releasing lock on buildscript class cache for build file 'C:\Users\Alexander J Schmidt\workspace\game\desktop\build.gradle' (C:\Users\Alexander J Schmidt\.gradle\caches\2.4\scripts\build_ee1xd2i9ymid26rhgvet1cxom\ProjectScript\buildscript).
21:31:32.621 [DEBUG] [org.gradle.cache.internal.DefaultFileLockManager] Releasing lock on no_buildscript class cache for build file 'C:\Users\Alexander J Schmidt\workspace\game\desktop\build.gradle' (C:\Users\Alexander J Schmidt\.gradle\caches\2.4\scripts\build_ee1xd2i9ymid26rhgvet1cxom\ProjectScript\no_buildscript).
21:31:32.622 [DEBUG] [org.gradle.cache.internal.DefaultFileLockManager] Releasing lock on buildscript class cache for build file 'C:\Users\Alexander J Schmidt\workspace\game\html\build.gradle' (C:\Users\Alexander J Schmidt\.gradle\caches\2.4\scripts\build_1awljiiq1nnibvyroa5z9yuz6\ProjectScript\buildscript).
21:31:32.625 [DEBUG] [org.gradle.cache.internal.DefaultFileLockManager] Releasing lock on no_buildscript class cache for build file 'C:\Users\Alexander J Schmidt\workspace\game\html\build.gradle' (C:\Users\Alexander J Schmidt\.gradle\caches\2.4\scripts\build_1awljiiq1nnibvyroa5z9yuz6\ProjectScript\no_buildscript).
21:31:32.634 [DEBUG] [org.gradle.cache.internal.btree.BTreePersistentIndexedCache] Closing cache fileHashes.bin (C:\Users\Alexander J Schmidt\workspace\game\.gradle\2.4\taskArtifacts\fileHashes.bin)
21:31:32.634 [DEBUG] [org.gradle.cache.internal.btree.BTreePersistentIndexedCache] Closing cache outputFileStates.bin (C:\Users\Alexander J Schmidt\workspace\game\.gradle\2.4\taskArtifacts\outputFileStates.bin)
21:31:32.635 [DEBUG] [org.gradle.cache.internal.btree.BTreePersistentIndexedCache] Closing cache taskArtifacts.bin (C:\Users\Alexander J Schmidt\workspace\game\.gradle\2.4\taskArtifacts\taskArtifacts.bin)
21:31:32.636 [DEBUG] [org.gradle.cache.internal.btree.BTreePersistentIndexedCache] Closing cache fileSnapshots.bin (C:\Users\Alexander J Schmidt\workspace\game\.gradle\2.4\taskArtifacts\fileSnapshots.bin)
21:31:32.637 [DEBUG] [org.gradle.cache.internal.DefaultFileLockManager] Releasing lock on task history cache (C:\Users\Alexander J Schmidt\workspace\game\.gradle\2.4\taskArtifacts).
21:31:32.649 [DEBUG] [org.gradle.api.internal.artifacts.ivyservice.ivyresolve.memcache.InMemoryCachedRepositoryFactory] In-memory dependency metadata cache closed. Repos cached: 36, cache instances: 4, modules served from cache: 81, artifacts: 73
21:31:32.729 [DEBUG] [org.gradle.api.internal.artifacts.ivyservice.resolveengine.store.CachedStoreFactory] Resolution result cache closed. Cache reads: 9, disk reads: 6 (avg: 0.007 secs, total: 0.042 secs)
21:31:32.732 [DEBUG] [org.gradle.api.internal.artifacts.ivyservice.resolveengine.store.CachedStoreFactory] Resolved configuration cache closed. Cache reads: 0, disk reads: 0 (avg: 0.0 secs, total: 0.0 secs)
21:31:32.733 [DEBUG] [org.gradle.api.internal.artifacts.ivyservice.resolveengine.store.ResolutionResultsStoreFactory] Deleted 2 resolution results binary files in 0.084 secs
21:31:32.733 [DEBUG] [org.gradle.launcher.daemon.server.exec.ExecuteBuild] The daemon has finished executing the build.
21:31:33.579 [DEBUG] [org.gradle.launcher.daemon.server.DaemonStateCoordinator] Command execution: finished waiting for DaemonCommandExecution[command = BuildAndStop{id=53e84229-6795-43f1-9531-d51f95f7cb81.1, currentDir=C:\Users\Alexander J Schmidt\workspace\game}, connection = org.gradle.launcher.daemon.server.DefaultDaemonConnection@4b51a22e]. Result org.gradle.launcher.daemon.server.DaemonStateCoordinator@451dd1ff with state StopRequested
21:31:33.580 [DEBUG] [org.gradle.launcher.daemon.server.DaemonStateCoordinator] Command execution: completed DaemonCommandExecution[command = BuildAndStop{id=53e84229-6795-43f1-9531-d51f95f7cb81.1, currentDir=C:\Users\Alexander J Schmidt\workspace\game}, connection = org.gradle.launcher.daemon.server.DefaultDaemonConnection@4b51a22e]
21:31:33.583 [DEBUG] [org.gradle.launcher.daemon.server.DaemonStateCoordinator] updating lastActivityAt to 1448245893583
21:31:33.583 [DEBUG] [org.gradle.launcher.daemon.server.DaemonStateCoordinator] Marking daemon stopped due to command completed and stop requested. The daemon is running a build: false
21:31:33.583 [DEBUG] [org.apache.http.impl.conn.PoolingClientConnectionManager] Connection manager is shutting down
21:31:33.584 [DEBUG] [org.gradle.launcher.daemon.server.exec.ReturnResult] Daemon is dispatching the build result: Success[value=null]
21:31:33.584 [DEBUG] [org.gradle.launcher.daemon.server.SynchronizedDispatchConnection] thread 14: dispatching class org.gradle.launcher.daemon.protocol.Success
21:31:33.584 [DEBUG] [org.gradle.launcher.daemon.server.DaemonStateCoordinator] Idle timeout: daemon has stopped.
21:31:33.585 [DEBUG] [org.gradle.launcher.daemon.server.Daemon] stop() called on daemon
21:31:33.585 [DEBUG] [org.apache.http.impl.conn.DefaultClientConnection] Connection 0.0.0.0:59734<->199.27.76.209:443 closed
21:31:33.585 [INFO] [org.gradle.launcher.daemon.server.Daemon] Stop requested. Daemon is removing its presence from the registry...
21:31:33.586 [DEBUG] [org.apache.http.impl.conn.DefaultClientConnection] Connection 0.0.0.0:59734<->199.27.76.209:443 closed
21:31:33.586 [DEBUG] [org.gradle.launcher.daemon.server.DomainRegistryUpdater] Removing our presence to clients, eg. removing this address from the registry: [0ddb973a-c209-4e04-a76a-f975d8184ec1 port:59720, addresses:[/127.0.0.1, /0:0:0:0:0:0:0:1]]
21:31:33.586 [DEBUG] [org.apache.http.impl.conn.PoolingClientConnectionManager] Connection manager shut down
21:31:33.586 [DEBUG] [org.gradle.launcher.daemon.registry.PersistentDaemonRegistry] Removing daemon address: [0ddb973a-c209-4e04-a76a-f975d8184ec1 port:59720, addresses:[/127.0.0.1, /0:0:0:0:0:0:0:1]]
21:31:33.588 [DEBUG] [org.apache.http.impl.conn.PoolingClientConnectionManager] Connection manager is shutting down
21:31:33.590 [DEBUG] [org.apache.http.impl.conn.DefaultClientConnection] Connection 0.0.0.0:59732<->199.27.76.209:443 closed
21:31:33.590 [DEBUG] [org.apache.http.impl.conn.DefaultClientConnection] Connection 0.0.0.0:59732<->199.27.76.209:443 closed
21:31:33.590 [DEBUG] [org.apache.http.impl.conn.PoolingClientConnectionManager] Connection manager shut down
21:31:33.594 [DEBUG] [org.apache.http.impl.conn.PoolingClientConnectionManager] Connection manager is shutting down
21:31:33.595 [DEBUG] [org.apache.http.impl.conn.DefaultClientConnection] Connection 0.0.0.0:59733<->199.27.76.209:443 closed
21:31:33.595 [DEBUG] [org.apache.http.impl.conn.DefaultClientConnection] Connection 0.0.0.0:59733<->199.27.76.209:443 closed
21:31:33.596 [DEBUG] [org.gradle.cache.internal.DefaultFileLockManager] Waiting to acquire exclusive lock on daemon addresses registry.
21:31:33.596 [DEBUG] [org.gradle.launcher.daemon.server.DefaultIncomingConnectionHandler] Finishing executing command: BuildAndStop{id=53e84229-6795-43f1-9531-d51f95f7cb81.1, currentDir=C:\Users\Alexander J Schmidt\workspace\game}
21:31:33.596 [DEBUG] [org.apache.http.impl.conn.PoolingClientConnectionManager] Connection manager shut down
21:31:33.597 [DEBUG] [org.gradle.cache.internal.DefaultFileLockManager] Lock acquired.
21:31:33.598 [DEBUG] [org.apache.http.impl.conn.PoolingClientConnectionManager] Connection manager is shutting down
21:31:33.599 [DEBUG] [org.apache.http.impl.conn.DefaultClientConnection] Connection 0.0.0.0:59731<->199.27.76.209:443 closed
21:31:33.599 [DEBUG] [org.apache.http.impl.conn.DefaultClientConnection] Connection 0.0.0.0:59731<->199.27.76.209:443 closed
21:31:33.600 [DEBUG] [org.apache.http.impl.conn.PoolingClientConnectionManager] Connection manager shut down
21:31:33.603 [DEBUG] [org.gradle.launcher.daemon.server.SynchronizedDispatchConnection] thread 15: received class org.gradle.launcher.daemon.protocol.CloseInput
21:31:33.604 [DEBUG] [org.gradle.launcher.daemon.server.DefaultDaemonConnection] Received IO message from client: CloseInput[id=53e84229-6795-43f1-9531-d51f95f7cb81.2]
21:31:33.608 [DEBUG] [org.gradle.launcher.daemon.server.SynchronizedDispatchConnection] thread 15: received class org.gradle.launcher.daemon.protocol.Finished
21:31:33.609 [DEBUG] [org.gradle.launcher.daemon.server.DefaultDaemonConnection] Received non-IO message from client: org.gradle.launcher.daemon.protocol.Finished@16895ad1
21:31:33.609 [DEBUG] [org.gradle.launcher.daemon.server.DefaultIncomingConnectionHandler] Received finished message: org.gradle.launcher.daemon.protocol.Finished@16895ad1
21:31:33.610 [DEBUG] [org.gradle.launcher.daemon.server.SynchronizedDispatchConnection] thread 14: stopping connection
21:31:33.610 [DEBUG] [org.gradle.cache.internal.DefaultFileLockManager] Releasing lock on daemon addresses registry.
21:31:33.611 [DEBUG] [org.gradle.launcher.daemon.server.SynchronizedDispatchConnection] thread 15: received null
21:31:33.612 [DEBUG] [org.gradle.launcher.daemon.server.DefaultDaemonConnection] Received end-of-input from client.
21:31:33.612 [DEBUG] [org.gradle.launcher.daemon.server.DomainRegistryUpdater] Address removed from registry.
21:31:33.614 [DEBUG] [org.gradle.launcher.daemon.server.SynchronizedDispatchConnection] thread 14: stopping connection
Daemon vm is shutting down... The daemon has exited normally or was terminated in response to a user interrupt.
21:31:33.629 [DEBUG] [org.gradle.launcher.daemon.registry.PersistentDaemonRegistry] Removing daemon address: [0ddb973a-c209-4e04-a76a-f975d8184ec1 port:59720, addresses:[/127.0.0.1, /0:0:0:0:0:0:0:1]]
21:31:33.630 [DEBUG] [org.gradle.cache.internal.DefaultFileLockManager] Waiting to acquire exclusive lock on daemon addresses registry.
21:31:33.631 [DEBUG] [org.gradle.cache.internal.DefaultFileLockManager] Lock acquired.
21:31:33.634 [DEBUG] [org.gradle.cache.internal.DefaultFileLockManager] Releasing lock on daemon addresses registry.
